<?xml version="1.0" encoding="UTF-8"?>
<testsuite xmlns:xsi="http://www.w3.org/2001/XMLSchema-instance" xsi:noNamespaceSchemaLocation="https://maven.apache.org/surefire/maven-surefire-plugin/xsd/surefire-test-report.xsd" name="GeneticsApp.AddPersonTest" time="0.001" tests="9" errors="0" skipped="0" failures="0">
  <properties>
[...]
</properties>
  <testcase name="onlyAddDeathPlace" classname="GeneticsApp.AddPersonTest" time="0"/>
  <testcase name="onlyAddFullName" classname="GeneticsApp.AddPersonTest" time="0"/>
  <testcase name="onlyAddDOB" classname="GeneticsApp.AddPersonTest" time="0"/>
  <testcase name="onlyAddDOD" classname="GeneticsApp.AddPersonTest" time="0"/>
  <testcase name="onlyAddBirthPlace" classname="GeneticsApp.AddPersonTest" time="0"/>
  <testcase name="onlyAddID" classname="GeneticsApp.AddPersonTest" time="0"/>
  <testcase name="onlyAddLastName" classname="GeneticsApp.AddPersonTest" time="0"/>
  <testcase name="onlyAddSuffix" classname="GeneticsApp.AddPersonTest" time="0"/>
  <testcase name="onlyAddFirstName" classname="GeneticsApp.AddPersonTest" time="0"/>
</testsuite>