<?xml version="1.0" encoding="UTF-8"?>
<testsuite xmlns:xsi="http://www.w3.org/2001/XMLSchema-instance" xsi:noNamespaceSchemaLocation="https://maven.apache.org/surefire/maven-surefire-plugin/xsd/surefire-test-report.xsd" name="GeneticsApp.PersonTest" time="0.029" tests="8" errors="0" skipped="0" failures="0">
  <properties>
[...]
</properties>
  <testcase name="testGrand10" classname="GeneticsApp.PersonTest" time="0"/>
  <testcase name="testGrand20" classname="GeneticsApp.PersonTest" time="0.003"/>
  <testcase name="TestGrandparents" classname="GeneticsApp.PersonTest" time="0.004"/>
  <testcase name="testGrand2" classname="GeneticsApp.PersonTest" time="0.004"/>
  <testcase name="testGrand6" classname="GeneticsApp.PersonTest" time="0.004"/>
  <testcase name="testGrand7" classname="GeneticsApp.PersonTest" time="0.003"/>
  <testcase name="testGrand8" classname="GeneticsApp.PersonTest" time="0.004"/>
  <testcase name="testGrandparent19" classname="GeneticsApp.PersonTest" time="0.003"/>
</testsuite>